2026-04-16 15:07:56 - Iniciando processamento
2026-04-16 15:07:56 - 
Tema atual: Artificial Intelligence
2026-04-16 15:07:56 - Extraindo de OpenAlex...
2026-04-16 15:08:27 - Extraindo de Crossref...
2026-04-16 15:08:47 - 💾 Backup realizado: 1000 novos artigos guardados no disco.
2026-04-16 15:09:05 - 💾 Backup realizado: 1000 novos artigos guardados no disco.
2026-04-16 15:09:23 - 💾 Backup realizado: 1000 novos artigos guardados no disco.
2026-04-16 15:09:41 - 💾 Backup realizado: 1000 novos artigos guardados no disco.
2026-04-16 15:10:00 - 💾 Backup realizado: 1000 novos artigos guardados no disco.
2026-04-16 15:10:20 - 💾 Backup realizado: 1000 novos artigos guardados no disco.
2026-04-16 15:10:41 - 💾 Backup realizado: 1000 novos artigos guardados no disco.
2026-04-16 15:10:59 - 💾 Backup realizado: 1000 novos artigos guardados no disco.
2026-04-16 15:11:20 - 💾 Backup realizado: 1000 novos artigos guardados no disco.
2026-04-16 15:11:40 - 💾 Backup realizado: 1000 novos artigos guardados no disco.
2026-04-16 15:12:02 - 💾 Backup realizado: 1000 novos artigos guardados no disco.
2026-04-16 15:12:23 - 💾 Backup realizado: 1000 novos artigos guardados no disco.
2026-04-16 15:15:26 - Iniciando processamento
2026-04-16 15:15:27 - Base local carregada: 12000 artigos detetados.
2026-04-16 15:15:27 - 
Tema atual: Artificial Intelligence
2026-04-16 15:15:27 - Extraindo de OpenAlex...
2026-04-16 15:21:07 - Iniciando processamento
2026-04-16 15:21:07 - Base local carregada: 12000 artigos detetados.
2026-04-16 15:21:07 - 
Tema atual: Artificial Intelligence
2026-04-16 15:21:07 - Extraindo de OpenAlex...
2026-04-16 15:23:05 - Iniciando processamento
2026-04-16 15:23:05 - Base local carregada: 12000 artigos detetados.
2026-04-16 15:23:05 - 
Tema atual: Artificial Intelligence
2026-04-16 15:23:05 - Extraindo de Crossref...
2026-04-16 15:27:35 - Iniciando processamento
2026-04-16 15:27:35 - 
Tema atual: Artificial Intelligence
2026-04-16 15:27:35 - Extraindo de Crossref...
2026-04-16 15:27:55 - 💾 Backup realizado: 1000 novos artigos guardados no disco.
2026-04-16 15:28:13 - 💾 Backup realizado: 1000 novos artigos guardados no disco.
2026-04-16 15:28:33 - 💾 Backup realizado: 1000 novos artigos guardados no disco.
2026-04-16 15:28:56 - 💾 Backup realizado: 1000 novos artigos guardados no disco.
2026-04-16 15:29:15 - 💾 Backup realizado: 1000 novos artigos guardados no disco.
2026-04-16 15:29:35 - 💾 Backup realizado: 1000 novos artigos guardados no disco.
2026-04-16 15:29:54 - 💾 Backup realizado: 1000 novos artigos guardados no disco.
2026-04-16 15:30:19 - 💾 Backup realizado: 1000 novos artigos guardados no disco.
2026-04-16 15:30:43 - 💾 Backup realizado: 1000 novos artigos guardados no disco.
2026-04-16 15:31:08 - 💾 Backup realizado: 1000 novos artigos guardados no disco.
2026-04-16 15:31:32 - 💾 Backup realizado: 1000 novos artigos guardados no disco.
2026-04-16 15:31:55 - 💾 Backup realizado: 1000 novos artigos guardados no disco.
2026-04-16 15:32:16 - 💾 Backup realizado: 1000 novos artigos guardados no disco.
2026-04-16 15:32:34 - 💾 Backup realizado: 1000 novos artigos guardados no disco.
2026-04-16 15:32:56 - 💾 Backup realizado: 1000 novos artigos guardados no disco.
2026-04-16 15:33:14 - 💾 Backup realizado: 1000 novos artigos guardados no disco.
2026-04-16 15:33:31 - 💾 Backup realizado: 1000 novos artigos guardados no disco.
2026-04-16 15:33:52 - 💾 Backup realizado: 1000 novos artigos guardados no disco.
2026-04-16 15:34:14 - 💾 Backup realizado: 1000 novos artigos guardados no disco.
2026-04-16 15:34:32 - 💾 Backup realizado: 1000 novos artigos guardados no disco.
2026-04-16 15:34:52 - 💾 Backup realizado: 1000 novos artigos guardados no disco.
2026-04-16 15:35:15 - 💾 Backup realizado: 1000 novos artigos guardados no disco.
2026-04-16 15:35:42 - 💾 Backup realizado: 1000 novos artigos guardados no disco.
2026-04-16 15:36:07 - 💾 Backup realizado: 1000 novos artigos guardados no disco.
2026-04-16 15:36:27 - 💾 Backup realizado: 1000 novos artigos guardados no disco.
2026-04-16 15:36:47 - 💾 Backup realizado: 1000 novos artigos guardados no disco.
2026-04-16 15:37:06 - 💾 Backup realizado: 1000 novos artigos guardados no disco.
2026-04-16 15:37:26 - 💾 Backup realizado: 1000 novos artigos guardados no disco.
2026-04-16 15:37:51 - 💾 Backup realizado: 1000 novos artigos guardados no disco.
2026-04-16 15:38:12 - 💾 Backup realizado: 1000 novos artigos guardados no disco.
2026-04-16 15:38:34 - 💾 Backup realizado: 1000 novos artigos guardados no disco.
2026-04-16 15:38:55 - 💾 Backup realizado: 1000 novos artigos guardados no disco.
2026-04-16 15:39:21 - 💾 Backup realizado: 1000 novos artigos guardados no disco.
2026-04-16 15:39:43 - 💾 Backup realizado: 1000 novos artigos guardados no disco.
2026-04-16 15:40:05 - 💾 Backup realizado: 1000 novos artigos guardados no disco.
2026-04-16 15:40:26 - 💾 Backup realizado: 1000 novos artigos guardados no disco.
2026-04-16 15:40:44 - 💾 Backup realizado: 1000 novos artigos guardados no disco.
2026-04-16 15:41:04 - 💾 Backup realizado: 1000 novos artigos guardados no disco.
2026-04-16 15:41:26 - 💾 Backup realizado: 1000 novos artigos guardados no disco.
2026-04-16 15:41:49 - 💾 Backup realizado: 1000 novos artigos guardados no disco.
2026-04-16 15:42:11 - 💾 Backup realizado: 1000 novos artigos guardados no disco.
2026-04-16 15:42:32 - 💾 Backup realizado: 1000 novos artigos guardados no disco.
2026-04-16 15:42:55 - 💾 Backup realizado: 1000 novos artigos guardados no disco.
2026-04-16 15:43:22 - 💾 Backup realizado: 1000 novos artigos guardados no disco.
2026-04-16 15:43:50 - 💾 Backup realizado: 1000 novos artigos guardados no disco.
2026-04-16 15:44:21 - 💾 Backup realizado: 1000 novos artigos guardados no disco.
2026-04-16 15:44:53 - 💾 Backup realizado: 1000 novos artigos guardados no disco.
2026-04-16 15:45:29 - 💾 Backup realizado: 1000 novos artigos guardados no disco.
2026-04-16 15:45:56 - 💾 Backup realizado: 1000 novos artigos guardados no disco.
2026-04-16 15:46:21 - 💾 Backup realizado: 1000 novos artigos guardados no disco.
2026-04-16 15:46:42 - 💾 Backup realizado: 1000 novos artigos guardados no disco.
2026-04-16 15:47:03 - 💾 Backup realizado: 1000 novos artigos guardados no disco.
2026-04-16 15:47:24 - 💾 Backup realizado: 1000 novos artigos guardados no disco.
2026-04-16 15:47:44 - 💾 Backup realizado: 1000 novos artigos guardados no disco.
2026-04-16 15:48:07 - 💾 Backup realizado: 1000 novos artigos guardados no disco.
2026-04-16 15:48:29 - 💾 Backup realizado: 1000 novos artigos guardados no disco.
2026-04-16 15:48:50 - 💾 Backup realizado: 1000 novos artigos guardados no disco.
2026-04-16 15:49:13 - 💾 Backup realizado: 1000 novos artigos guardados no disco.
2026-04-16 15:49:32 - 💾 Backup realizado: 1000 novos artigos guardados no disco.
2026-04-16 15:49:57 - 💾 Backup realizado: 1000 novos artigos guardados no disco.
2026-04-16 15:50:22 - 💾 Backup realizado: 1000 novos artigos guardados no disco.
2026-04-16 15:50:47 - 💾 Backup realizado: 1000 novos artigos guardados no disco.
2026-04-16 15:51:10 - 💾 Backup realizado: 1000 novos artigos guardados no disco.
2026-04-16 15:51:31 - 💾 Backup realizado: 1000 novos artigos guardados no disco.
2026-04-16 15:51:52 - 💾 Backup realizado: 1000 novos artigos guardados no disco.
2026-04-16 15:52:13 - 💾 Backup realizado: 1000 novos artigos guardados no disco.
2026-04-16 15:52:35 - 💾 Backup realizado: 1000 novos artigos guardados no disco.
2026-04-16 15:52:56 - 💾 Backup realizado: 1000 novos artigos guardados no disco.
2026-04-16 15:53:16 - 💾 Backup realizado: 1000 novos artigos guardados no disco.
2026-04-16 15:53:36 - 💾 Backup realizado: 1000 novos artigos guardados no disco.
2026-04-16 15:53:57 - 💾 Backup realizado: 1000 novos artigos guardados no disco.
2026-04-16 15:54:19 - 💾 Backup realizado: 1000 novos artigos guardados no disco.
2026-04-16 15:54:41 - 💾 Backup realizado: 1000 novos artigos guardados no disco.
2026-04-16 15:55:01 - 💾 Backup realizado: 1000 novos artigos guardados no disco.
2026-04-16 15:55:24 - 💾 Backup realizado: 1000 novos artigos guardados no disco.
2026-04-16 15:55:47 - 💾 Backup realizado: 1000 novos artigos guardados no disco.
2026-04-16 15:56:08 - 💾 Backup realizado: 1000 novos artigos guardados no disco.
2026-04-16 15:56:30 - 💾 Backup realizado: 1000 novos artigos guardados no disco.
2026-04-16 15:56:50 - 💾 Backup realizado: 1000 novos artigos guardados no disco.
2026-04-16 15:57:17 - 💾 Backup realizado: 1000 novos artigos guardados no disco.
2026-04-16 15:57:38 - 💾 Backup realizado: 1000 novos artigos guardados no disco.
2026-04-16 15:57:59 - 💾 Backup realizado: 1000 novos artigos guardados no disco.
2026-04-16 15:58:22 - 💾 Backup realizado: 1000 novos artigos guardados no disco.
2026-04-16 15:58:42 - 💾 Backup realizado: 1000 novos artigos guardados no disco.
2026-04-16 15:59:07 - 💾 Backup realizado: 1000 novos artigos guardados no disco.
2026-04-16 15:59:27 - 💾 Backup realizado: 1000 novos artigos guardados no disco.
2026-04-16 15:59:48 - 💾 Backup realizado: 1000 novos artigos guardados no disco.
2026-04-16 16:00:09 - 💾 Backup realizado: 1000 novos artigos guardados no disco.
2026-04-16 16:00:28 - 💾 Backup realizado: 1000 novos artigos guardados no disco.
2026-04-16 16:00:48 - 💾 Backup realizado: 1000 novos artigos guardados no disco.
2026-04-16 16:01:09 - 💾 Backup realizado: 1000 novos artigos guardados no disco.
2026-04-16 16:01:35 - 💾 Backup realizado: 1000 novos artigos guardados no disco.
2026-04-16 16:02:00 - 💾 Backup realizado: 1000 novos artigos guardados no disco.
2026-04-16 16:02:23 - 💾 Backup realizado: 1000 novos artigos guardados no disco.
2026-04-16 16:02:50 - 💾 Backup realizado: 1000 novos artigos guardados no disco.
2026-04-16 16:03:17 - 💾 Backup realizado: 1000 novos artigos guardados no disco.
2026-04-16 16:03:40 - 💾 Backup realizado: 1000 novos artigos guardados no disco.
2026-04-16 16:04:00 - 💾 Backup realizado: 1000 novos artigos guardados no disco.
2026-04-16 16:04:21 - 💾 Backup realizado: 1000 novos artigos guardados no disco.
2026-04-16 16:04:43 - 💾 Backup realizado: 1000 novos artigos guardados no disco.
2026-04-16 16:05:08 - 💾 Backup realizado: 1000 novos artigos guardados no disco.
2026-04-16 16:05:30 - 💾 Backup realizado: 1000 novos artigos guardados no disco.
2026-04-16 16:05:55 - 💾 Backup realizado: 1000 novos artigos guardados no disco.
2026-04-16 16:06:21 - 💾 Backup realizado: 1000 novos artigos guardados no disco.
2026-04-16 16:06:49 - 💾 Backup realizado: 1000 novos artigos guardados no disco.
2026-04-16 16:07:14 - 💾 Backup realizado: 1000 novos artigos guardados no disco.
2026-04-16 16:07:39 - 💾 Backup realizado: 1000 novos artigos guardados no disco.
2026-04-16 16:08:02 - 💾 Backup realizado: 1000 novos artigos guardados no disco.
2026-04-16 16:08:27 - 💾 Backup realizado: 1000 novos artigos guardados no disco.
2026-04-16 16:08:50 - 💾 Backup realizado: 1000 novos artigos guardados no disco.
2026-04-16 16:09:13 - 💾 Backup realizado: 1000 novos artigos guardados no disco.
2026-04-16 16:09:38 - 💾 Backup realizado: 1000 novos artigos guardados no disco.
2026-04-16 16:10:03 - 💾 Backup realizado: 1000 novos artigos guardados no disco.
2026-04-16 16:10:30 - 💾 Backup realizado: 1000 novos artigos guardados no disco.
2026-04-16 16:10:57 - 💾 Backup realizado: 1000 novos artigos guardados no disco.
2026-04-16 16:11:29 - 💾 Backup realizado: 1000 novos artigos guardados no disco.
2026-04-16 16:11:54 - 💾 Backup realizado: 1000 novos artigos guardados no disco.
2026-04-16 16:12:18 - 💾 Backup realizado: 1000 novos artigos guardados no disco.
2026-04-16 16:12:42 - 💾 Backup realizado: 1000 novos artigos guardados no disco.
2026-04-16 16:13:10 - 💾 Backup realizado: 1000 novos artigos guardados no disco.
2026-04-16 16:13:34 - 💾 Backup realizado: 1000 novos artigos guardados no disco.
2026-04-16 16:13:54 - 💾 Backup realizado: 1000 novos artigos guardados no disco.
2026-04-16 16:14:17 - 💾 Backup realizado: 1000 novos artigos guardados no disco.
2026-04-16 16:14:40 - 💾 Backup realizado: 1000 novos artigos guardados no disco.
2026-04-16 16:15:04 - 💾 Backup realizado: 1000 novos artigos guardados no disco.
2026-04-16 16:15:28 - 💾 Backup realizado: 1000 novos artigos guardados no disco.
2026-04-16 16:15:52 - 💾 Backup realizado: 1000 novos artigos guardados no disco.
2026-04-16 16:16:20 - 💾 Backup realizado: 1000 novos artigos guardados no disco.
2026-04-16 16:16:47 - 💾 Backup realizado: 1000 novos artigos guardados no disco.
2026-04-16 16:17:10 - 💾 Backup realizado: 1000 novos artigos guardados no disco.
2026-04-16 16:17:40 - 💾 Backup realizado: 1000 novos artigos guardados no disco.
2026-04-16 16:18:10 - 💾 Backup realizado: 1000 novos artigos guardados no disco.
2026-04-16 16:18:44 - 💾 Backup realizado: 1000 novos artigos guardados no disco.
2026-04-16 16:19:09 - 💾 Backup realizado: 1000 novos artigos guardados no disco.
2026-04-16 16:19:47 - 💾 Backup realizado: 1000 novos artigos guardados no disco.
2026-04-16 16:20:21 - 💾 Backup realizado: 1000 novos artigos guardados no disco.
2026-04-16 16:20:42 - 💾 Backup realizado: 1000 novos artigos guardados no disco.
2026-04-16 16:21:07 - 💾 Backup realizado: 1000 novos artigos guardados no disco.
2026-04-16 16:21:31 - 💾 Backup realizado: 1000 novos artigos guardados no disco.
2026-04-16 16:21:55 - 💾 Backup realizado: 1000 novos artigos guardados no disco.
2026-04-16 16:22:18 - 💾 Backup realizado: 1000 novos artigos guardados no disco.
2026-04-16 16:22:48 - 💾 Backup realizado: 1000 novos artigos guardados no disco.
2026-04-16 16:23:16 - 💾 Backup realizado: 1000 novos artigos guardados no disco.
2026-04-16 16:23:42 - 💾 Backup realizado: 1000 novos artigos guardados no disco.
2026-04-16 16:24:05 - 💾 Backup realizado: 1000 novos artigos guardados no disco.
2026-04-16 16:24:29 - 💾 Backup realizado: 1000 novos artigos guardados no disco.
2026-04-16 16:25:10 - 💾 Backup realizado: 1000 novos artigos guardados no disco.
2026-04-16 16:25:57 - 💾 Backup realizado: 1000 novos artigos guardados no disco.
2026-04-16 16:26:47 - 💾 Backup realizado: 1000 novos artigos guardados no disco.
2026-04-16 16:27:27 - 💾 Backup realizado: 1000 novos artigos guardados no disco.
2026-04-16 16:27:56 - 💾 Backup realizado: 1000 novos artigos guardados no disco.
2026-04-16 16:28:26 - 💾 Backup realizado: 1000 novos artigos guardados no disco.
2026-04-16 16:28:56 - 💾 Backup realizado: 1000 novos artigos guardados no disco.
2026-04-16 16:29:28 - 💾 Backup realizado: 1000 novos artigos guardados no disco.
2026-04-16 16:30:03 - 💾 Backup realizado: 1000 novos artigos guardados no disco.
2026-04-16 16:30:39 - 💾 Backup realizado: 1000 novos artigos guardados no disco.
2026-04-16 16:31:03 - 💾 Backup realizado: 1000 novos artigos guardados no disco.
2026-04-16 16:31:29 - 💾 Backup realizado: 1000 novos artigos guardados no disco.
2026-04-16 16:31:55 - 💾 Backup realizado: 1000 novos artigos guardados no disco.
2026-04-16 16:32:20 - 💾 Backup realizado: 1000 novos artigos guardados no disco.
2026-04-16 16:32:45 - 💾 Backup realizado: 1000 novos artigos guardados no disco.
2026-04-16 16:33:12 - 💾 Backup realizado: 1000 novos artigos guardados no disco.
2026-04-16 16:33:36 - 💾 Backup realizado: 1000 novos artigos guardados no disco.
2026-04-16 16:33:59 - 💾 Backup realizado: 1000 novos artigos guardados no disco.
2026-04-16 16:34:22 - 💾 Backup realizado: 1000 novos artigos guardados no disco.
2026-04-16 16:34:45 - 💾 Backup realizado: 1000 novos artigos guardados no disco.
2026-04-16 16:35:09 - 💾 Backup realizado: 1000 novos artigos guardados no disco.
2026-04-16 16:35:31 - 💾 Backup realizado: 1000 novos artigos guardados no disco.
2026-04-16 16:35:57 - 💾 Backup realizado: 1000 novos artigos guardados no disco.
2026-04-16 16:36:23 - 💾 Backup realizado: 1000 novos artigos guardados no disco.
2026-04-16 16:36:48 - 💾 Backup realizado: 1000 novos artigos guardados no disco.
2026-04-16 16:37:10 - 💾 Backup realizado: 1000 novos artigos guardados no disco.
2026-04-16 16:37:33 - 💾 Backup realizado: 1000 novos artigos guardados no disco.
2026-04-16 16:37:56 - 💾 Backup realizado: 1000 novos artigos guardados no disco.
2026-04-16 16:38:25 - 💾 Backup realizado: 1000 novos artigos guardados no disco.
2026-04-16 16:38:53 - 💾 Backup realizado: 1000 novos artigos guardados no disco.
2026-04-16 16:39:17 - 💾 Backup realizado: 1000 novos artigos guardados no disco.
2026-04-16 16:39:42 - 💾 Backup realizado: 1000 novos artigos guardados no disco.
2026-04-16 16:40:05 - 💾 Backup realizado: 1000 novos artigos guardados no disco.
2026-04-16 16:40:32 - 💾 Backup realizado: 1000 novos artigos guardados no disco.
2026-04-16 16:40:55 - 💾 Backup realizado: 1000 novos artigos guardados no disco.
2026-04-16 16:41:28 - 💾 Backup realizado: 1000 novos artigos guardados no disco.
2026-04-16 16:41:55 - 💾 Backup realizado: 1000 novos artigos guardados no disco.
2026-04-16 16:42:20 - 💾 Backup realizado: 1000 novos artigos guardados no disco.
2026-04-16 16:42:48 - 💾 Backup realizado: 1000 novos artigos guardados no disco.
2026-04-16 16:43:17 - 💾 Backup realizado: 1000 novos artigos guardados no disco.
2026-04-16 16:43:44 - 💾 Backup realizado: 1000 novos artigos guardados no disco.
2026-04-16 16:44:11 - 💾 Backup realizado: 1000 novos artigos guardados no disco.
2026-04-16 16:44:38 - 💾 Backup realizado: 1000 novos artigos guardados no disco.
2026-04-16 16:45:01 - 💾 Backup realizado: 1000 novos artigos guardados no disco.
2026-04-16 16:45:34 - 💾 Backup realizado: 1000 novos artigos guardados no disco.
2026-04-16 16:45:58 - 💾 Backup realizado: 1000 novos artigos guardados no disco.
2026-04-16 16:46:27 - 💾 Backup realizado: 1000 novos artigos guardados no disco.
2026-04-16 16:46:53 - 💾 Backup realizado: 1000 novos artigos guardados no disco.
2026-04-16 16:47:20 - 💾 Backup realizado: 1000 novos artigos guardados no disco.
2026-04-16 16:47:48 - 💾 Backup realizado: 1000 novos artigos guardados no disco.
2026-04-16 16:48:20 - 💾 Backup realizado: 1000 novos artigos guardados no disco.
2026-04-16 16:48:44 - 💾 Backup realizado: 1000 novos artigos guardados no disco.
2026-04-16 16:49:08 - 💾 Backup realizado: 1000 novos artigos guardados no disco.
2026-04-16 16:49:34 - 💾 Backup realizado: 1000 novos artigos guardados no disco.
2026-04-16 16:50:01 - 💾 Backup realizado: 1000 novos artigos guardados no disco.
2026-04-16 16:50:36 - 💾 Backup realizado: 1000 novos artigos guardados no disco.
2026-04-16 16:51:05 - 💾 Backup realizado: 1000 novos artigos guardados no disco.
2026-04-16 16:51:36 - 💾 Backup realizado: 1000 novos artigos guardados no disco.
2026-04-16 16:52:05 - 💾 Backup realizado: 1000 novos artigos guardados no disco.
2026-04-16 16:52:33 - 💾 Backup realizado: 1000 novos artigos guardados no disco.
2026-04-16 16:53:01 - 💾 Backup realizado: 1000 novos artigos guardados no disco.
2026-04-16 16:53:30 - 💾 Backup realizado: 1000 novos artigos guardados no disco.
2026-04-16 16:54:00 - 💾 Backup realizado: 1000 novos artigos guardados no disco.
2026-04-16 16:54:30 - 💾 Backup realizado: 1000 novos artigos guardados no disco.
2026-04-16 16:55:01 - 💾 Backup realizado: 1000 novos artigos guardados no disco.
2026-04-16 16:55:31 - 💾 Backup realizado: 1000 novos artigos guardados no disco.
2026-04-16 16:55:55 - 💾 Backup realizado: 1000 novos artigos guardados no disco.
2026-04-16 16:56:24 - 💾 Backup realizado: 1000 novos artigos guardados no disco.
2026-04-16 16:56:56 - 💾 Backup realizado: 1000 novos artigos guardados no disco.
2026-04-16 16:57:30 - 💾 Backup realizado: 1000 novos artigos guardados no disco.
2026-04-16 16:57:56 - 💾 Backup realizado: 1000 novos artigos guardados no disco.
2026-04-16 16:58:28 - 💾 Backup realizado: 1000 novos artigos guardados no disco.
2026-04-16 16:58:56 - 💾 Backup realizado: 1000 novos artigos guardados no disco.
2026-04-16 16:59:25 - 💾 Backup realizado: 1000 novos artigos guardados no disco.
2026-04-16 16:59:54 - 💾 Backup realizado: 1000 novos artigos guardados no disco.
2026-04-16 17:00:23 - 💾 Backup realizado: 1000 novos artigos guardados no disco.
2026-04-16 17:00:52 - 💾 Backup realizado: 1000 novos artigos guardados no disco.
2026-04-16 17:01:19 - 💾 Backup realizado: 1000 novos artigos guardados no disco.
2026-04-16 17:01:45 - 💾 Backup realizado: 1000 novos artigos guardados no disco.
2026-04-16 17:02:16 - 💾 Backup realizado: 1000 novos artigos guardados no disco.
2026-04-16 17:02:45 - 💾 Backup realizado: 1000 novos artigos guardados no disco.
2026-04-16 17:03:13 - 💾 Backup realizado: 1000 novos artigos guardados no disco.
2026-04-16 17:03:39 - 💾 Backup realizado: 1000 novos artigos guardados no disco.
2026-04-16 17:04:05 - 💾 Backup realizado: 1000 novos artigos guardados no disco.
2026-04-16 17:04:32 - 💾 Backup realizado: 1000 novos artigos guardados no disco.
2026-04-16 17:05:01 - 💾 Backup realizado: 1000 novos artigos guardados no disco.
2026-04-16 17:05:26 - 💾 Backup realizado: 1000 novos artigos guardados no disco.
2026-04-16 17:05:57 - 💾 Backup realizado: 1000 novos artigos guardados no disco.
2026-04-16 17:06:26 - 💾 Backup realizado: 1000 novos artigos guardados no disco.
2026-04-16 17:06:54 - 💾 Backup realizado: 1000 novos artigos guardados no disco.
2026-04-16 17:07:21 - 💾 Backup realizado: 1000 novos artigos guardados no disco.
2026-04-16 17:07:50 - 💾 Backup realizado: 1000 novos artigos guardados no disco.
2026-04-16 17:08:17 - 💾 Backup realizado: 1000 novos artigos guardados no disco.
2026-04-16 17:08:47 - 💾 Backup realizado: 1000 novos artigos guardados no disco.
2026-04-16 17:09:14 - 💾 Backup realizado: 1000 novos artigos guardados no disco.
2026-04-16 17:09:45 - 💾 Backup realizado: 1000 novos artigos guardados no disco.
2026-04-16 17:10:16 - 💾 Backup realizado: 1000 novos artigos guardados no disco.
2026-04-16 17:10:43 - 💾 Backup realizado: 1000 novos artigos guardados no disco.
2026-04-16 17:11:12 - 💾 Backup realizado: 1000 novos artigos guardados no disco.
2026-04-16 17:11:47 - 💾 Backup realizado: 1000 novos artigos guardados no disco.
2026-04-16 17:12:19 - 💾 Backup realizado: 1000 novos artigos guardados no disco.
2026-04-16 17:12:51 - 💾 Backup realizado: 1000 novos artigos guardados no disco.
2026-04-16 17:13:26 - 💾 Backup realizado: 1000 novos artigos guardados no disco.
2026-04-16 17:14:02 - 💾 Backup realizado: 1000 novos artigos guardados no disco.
2026-04-16 17:14:35 - 💾 Backup realizado: 1000 novos artigos guardados no disco.
2026-04-16 17:15:10 - 💾 Backup realizado: 1000 novos artigos guardados no disco.
2026-04-16 17:15:46 - 💾 Backup realizado: 1000 novos artigos guardados no disco.
2026-04-16 17:16:28 - 💾 Backup realizado: 1000 novos artigos guardados no disco.
2026-04-16 17:17:02 - 💾 Backup realizado: 1000 novos artigos guardados no disco.
2026-04-16 17:17:41 - 💾 Backup realizado: 1000 novos artigos guardados no disco.
2026-04-16 17:18:12 - 💾 Backup realizado: 1000 novos artigos guardados no disco.
2026-04-16 17:18:43 - 💾 Backup realizado: 1000 novos artigos guardados no disco.
2026-04-16 17:19:13 - 💾 Backup realizado: 1000 novos artigos guardados no disco.
2026-04-16 17:19:45 - 💾 Backup realizado: 1000 novos artigos guardados no disco.
2026-04-16 17:20:14 - 💾 Backup realizado: 1000 novos artigos guardados no disco.
2026-04-16 17:20:41 - 💾 Backup realizado: 1000 novos artigos guardados no disco.
2026-04-16 17:21:13 - 💾 Backup realizado: 1000 novos artigos guardados no disco.
2026-04-16 17:21:43 - 💾 Backup realizado: 1000 novos artigos guardados no disco.
2026-04-16 17:22:14 - 💾 Backup realizado: 1000 novos artigos guardados no disco.
2026-04-16 17:22:42 - 💾 Backup realizado: 1000 novos artigos guardados no disco.
2026-04-16 17:23:09 - 💾 Backup realizado: 1000 novos artigos guardados no disco.
2026-04-16 17:23:40 - 💾 Backup realizado: 1000 novos artigos guardados no disco.
2026-04-16 17:24:09 - 💾 Backup realizado: 1000 novos artigos guardados no disco.
2026-04-16 17:24:40 - 💾 Backup realizado: 1000 novos artigos guardados no disco.
2026-04-16 17:25:15 - 💾 Backup realizado: 1000 novos artigos guardados no disco.
2026-04-16 17:25:45 - 💾 Backup realizado: 1000 novos artigos guardados no disco.
2026-04-16 17:26:16 - 💾 Backup realizado: 1000 novos artigos guardados no disco.
2026-04-16 17:26:47 - 💾 Backup realizado: 1000 novos artigos guardados no disco.
2026-04-16 17:27:13 - 💾 Backup realizado: 1000 novos artigos guardados no disco.
2026-04-16 17:27:41 - 💾 Backup realizado: 1000 novos artigos guardados no disco.
2026-04-16 17:28:09 - 💾 Backup realizado: 1000 novos artigos guardados no disco.
2026-04-16 17:28:38 - 💾 Backup realizado: 1000 novos artigos guardados no disco.
2026-04-16 17:29:10 - 💾 Backup realizado: 1000 novos artigos guardados no disco.
2026-04-16 17:29:40 - 💾 Backup realizado: 1000 novos artigos guardados no disco.
2026-04-16 17:30:08 - 💾 Backup realizado: 1000 novos artigos guardados no disco.
2026-04-16 17:30:37 - 💾 Backup realizado: 1000 novos artigos guardados no disco.
2026-04-16 17:31:05 - 💾 Backup realizado: 1000 novos artigos guardados no disco.
2026-04-16 17:31:36 - 💾 Backup realizado: 1000 novos artigos guardados no disco.
2026-04-16 17:32:06 - 💾 Backup realizado: 1000 novos artigos guardados no disco.
2026-04-16 17:32:37 - 💾 Backup realizado: 1000 novos artigos guardados no disco.
2026-04-16 17:33:05 - 💾 Backup realizado: 1000 novos artigos guardados no disco.
2026-04-16 17:33:34 - 💾 Backup realizado: 1000 novos artigos guardados no disco.
2026-04-16 17:34:05 - 💾 Backup realizado: 1000 novos artigos guardados no disco.
2026-04-16 17:34:33 - 💾 Backup realizado: 1000 novos artigos guardados no disco.
2026-04-16 17:35:04 - 💾 Backup realizado: 1000 novos artigos guardados no disco.
2026-04-16 17:35:32 - 💾 Backup realizado: 1000 novos artigos guardados no disco.
2026-04-16 17:35:59 - 💾 Backup realizado: 1000 novos artigos guardados no disco.
2026-04-16 17:36:29 - 💾 Backup realizado: 1000 novos artigos guardados no disco.
2026-04-16 17:36:57 - 💾 Backup realizado: 1000 novos artigos guardados no disco.
2026-04-16 17:37:27 - 💾 Backup realizado: 1000 novos artigos guardados no disco.
2026-04-16 17:37:55 - 💾 Backup realizado: 1000 novos artigos guardados no disco.
2026-04-16 17:38:24 - 💾 Backup realizado: 1000 novos artigos guardados no disco.
2026-04-16 17:38:50 - 💾 Backup realizado: 1000 novos artigos guardados no disco.
2026-04-16 17:39:18 - 💾 Backup realizado: 1000 novos artigos guardados no disco.
2026-04-16 17:39:46 - 💾 Backup realizado: 1000 novos artigos guardados no disco.
2026-04-16 17:40:17 - 💾 Backup realizado: 1000 novos artigos guardados no disco.
2026-04-16 17:41:06 - 💾 Backup realizado: 1000 novos artigos guardados no disco.
2026-04-16 17:41:37 - 💾 Backup realizado: 1000 novos artigos guardados no disco.
2026-04-16 17:42:15 - 💾 Backup realizado: 1000 novos artigos guardados no disco.
2026-04-16 17:42:47 - 💾 Backup realizado: 1000 novos artigos guardados no disco.
2026-04-16 17:43:23 - 💾 Backup realizado: 1000 novos artigos guardados no disco.
2026-04-16 17:43:53 - 💾 Backup realizado: 1000 novos artigos guardados no disco.
2026-04-16 17:44:25 - 💾 Backup realizado: 1000 novos artigos guardados no disco.
2026-04-16 17:44:58 - 💾 Backup realizado: 1000 novos artigos guardados no disco.
2026-04-16 17:45:35 - 💾 Backup realizado: 1000 novos artigos guardados no disco.
2026-04-16 17:46:06 - 💾 Backup realizado: 1000 novos artigos guardados no disco.
2026-04-16 17:46:40 - 💾 Backup realizado: 1000 novos artigos guardados no disco.
2026-04-16 17:47:11 - 💾 Backup realizado: 1000 novos artigos guardados no disco.
2026-04-16 17:47:43 - 💾 Backup realizado: 1000 novos artigos guardados no disco.
2026-04-16 17:48:17 - 💾 Backup realizado: 1000 novos artigos guardados no disco.
2026-04-16 17:48:50 - 💾 Backup realizado: 1000 novos artigos guardados no disco.
2026-04-16 17:49:22 - 💾 Backup realizado: 1000 novos artigos guardados no disco.
2026-04-16 17:49:55 - 💾 Backup realizado: 1000 novos artigos guardados no disco.
2026-04-16 17:50:27 - 💾 Backup realizado: 1000 novos artigos guardados no disco.
2026-04-16 17:50:55 - 💾 Backup realizado: 1000 novos artigos guardados no disco.
2026-04-16 17:51:26 - 💾 Backup realizado: 1000 novos artigos guardados no disco.
2026-04-16 17:52:01 - 💾 Backup realizado: 1000 novos artigos guardados no disco.
2026-04-16 17:52:36 - 💾 Backup realizado: 1000 novos artigos guardados no disco.
2026-04-16 17:53:07 - 💾 Backup realizado: 1000 novos artigos guardados no disco.
2026-04-16 17:53:34 - 💾 Backup realizado: 1000 novos artigos guardados no disco.
2026-04-16 17:54:04 - 💾 Backup realizado: 1000 novos artigos guardados no disco.
2026-04-16 17:54:30 - 💾 Backup realizado: 1000 novos artigos guardados no disco.
2026-04-16 17:55:01 - 💾 Backup realizado: 1000 novos artigos guardados no disco.
2026-04-16 17:55:31 - 💾 Backup realizado: 1000 novos artigos guardados no disco.
2026-04-16 17:55:57 - 💾 Backup realizado: 1000 novos artigos guardados no disco.
2026-04-16 17:56:27 - 💾 Backup realizado: 1000 novos artigos guardados no disco.
2026-04-16 17:56:56 - 💾 Backup realizado: 1000 novos artigos guardados no disco.
2026-04-16 17:57:26 - 💾 Backup realizado: 1000 novos artigos guardados no disco.
2026-04-16 17:57:54 - 💾 Backup realizado: 1000 novos artigos guardados no disco.
2026-04-16 17:58:21 - 💾 Backup realizado: 1000 novos artigos guardados no disco.
2026-04-16 17:58:51 - 💾 Backup realizado: 1000 novos artigos guardados no disco.
2026-04-16 17:59:21 - 💾 Backup realizado: 1000 novos artigos guardados no disco.
2026-04-16 17:59:48 - 💾 Backup realizado: 1000 novos artigos guardados no disco.
2026-04-16 18:00:17 - 💾 Backup realizado: 1000 novos artigos guardados no disco.
2026-04-16 18:00:45 - 💾 Backup realizado: 1000 novos artigos guardados no disco.
2026-04-16 18:01:13 - 💾 Backup realizado: 1000 novos artigos guardados no disco.
2026-04-16 18:01:45 - 💾 Backup realizado: 1000 novos artigos guardados no disco.
2026-04-16 18:02:15 - 💾 Backup realizado: 1000 novos artigos guardados no disco.
2026-04-16 18:02:45 - 💾 Backup realizado: 1000 novos artigos guardados no disco.
2026-04-16 18:03:13 - 💾 Backup realizado: 1000 novos artigos guardados no disco.
2026-04-16 18:03:45 - 💾 Backup realizado: 1000 novos artigos guardados no disco.
2026-04-16 18:04:12 - 💾 Backup realizado: 1000 novos artigos guardados no disco.
2026-04-16 18:04:40 - 💾 Backup realizado: 1000 novos artigos guardados no disco.
2026-04-16 18:05:09 - 💾 Backup realizado: 1000 novos artigos guardados no disco.
2026-04-16 18:05:38 - 💾 Backup realizado: 1000 novos artigos guardados no disco.
2026-04-16 18:06:07 - 💾 Backup realizado: 1000 novos artigos guardados no disco.
2026-04-16 18:06:38 - 💾 Backup realizado: 1000 novos artigos guardados no disco.
2026-04-16 18:07:08 - 💾 Backup realizado: 1000 novos artigos guardados no disco.
2026-04-16 18:07:37 - 💾 Backup realizado: 1000 novos artigos guardados no disco.
2026-04-16 18:08:08 - 💾 Backup realizado: 1000 novos artigos guardados no disco.
2026-04-16 18:08:39 - 💾 Backup realizado: 1000 novos artigos guardados no disco.
2026-04-16 18:09:08 - 💾 Backup realizado: 1000 novos artigos guardados no disco.
2026-04-16 18:09:38 - 💾 Backup realizado: 1000 novos artigos guardados no disco.
2026-04-16 18:10:09 - 💾 Backup realizado: 1000 novos artigos guardados no disco.
2026-04-16 18:10:38 - 💾 Backup realizado: 1000 novos artigos guardados no disco.
2026-04-16 18:11:05 - 💾 Backup realizado: 1000 novos artigos guardados no disco.
2026-04-16 18:11:35 - 💾 Backup realizado: 1000 novos artigos guardados no disco.
2026-04-16 18:12:03 - 💾 Backup realizado: 1000 novos artigos guardados no disco.
2026-04-16 18:12:36 - 💾 Backup realizado: 1000 novos artigos guardados no disco.
2026-04-16 18:13:07 - 💾 Backup realizado: 1000 novos artigos guardados no disco.
2026-04-16 18:13:38 - 💾 Backup realizado: 1000 novos artigos guardados no disco.
2026-04-16 18:14:08 - 💾 Backup realizado: 1000 novos artigos guardados no disco.
2026-04-16 18:14:38 - 💾 Backup realizado: 1000 novos artigos guardados no disco.
2026-04-16 18:15:11 - 💾 Backup realizado: 1000 novos artigos guardados no disco.
2026-04-16 18:15:48 - 💾 Backup realizado: 1000 novos artigos guardados no disco.
2026-04-16 18:16:20 - 💾 Backup realizado: 1000 novos artigos guardados no disco.
2026-04-16 18:16:50 - 💾 Backup realizado: 1000 novos artigos guardados no disco.
2026-04-16 18:17:20 - 💾 Backup realizado: 1000 novos artigos guardados no disco.
2026-04-16 18:17:50 - 💾 Backup realizado: 1000 novos artigos guardados no disco.
2026-04-16 18:18:21 - 💾 Backup realizado: 1000 novos artigos guardados no disco.
2026-04-16 18:18:54 - 💾 Backup realizado: 1000 novos artigos guardados no disco.
2026-04-16 18:19:26 - 💾 Backup realizado: 1000 novos artigos guardados no disco.
2026-04-16 18:19:55 - 💾 Backup realizado: 1000 novos artigos guardados no disco.
2026-04-16 18:20:28 - 💾 Backup realizado: 1000 novos artigos guardados no disco.
2026-04-16 18:21:01 - 💾 Backup realizado: 1000 novos artigos guardados no disco.
2026-04-16 18:21:33 - 💾 Backup realizado: 1000 novos artigos guardados no disco.
2026-04-16 18:22:03 - 💾 Backup realizado: 1000 novos artigos guardados no disco.
2026-04-16 18:22:37 - 💾 Backup realizado: 1000 novos artigos guardados no disco.
2026-04-16 18:23:06 - 💾 Backup realizado: 1000 novos artigos guardados no disco.
2026-04-16 18:23:39 - 💾 Backup realizado: 1000 novos artigos guardados no disco.
2026-04-16 18:24:12 - 💾 Backup realizado: 1000 novos artigos guardados no disco.
2026-04-16 18:24:41 - 💾 Backup realizado: 1000 novos artigos guardados no disco.
2026-04-16 18:25:09 - 💾 Backup realizado: 1000 novos artigos guardados no disco.
2026-04-16 18:25:40 - 💾 Backup realizado: 1000 novos artigos guardados no disco.
2026-04-16 18:26:12 - 💾 Backup realizado: 1000 novos artigos guardados no disco.
2026-04-16 18:26:42 - 💾 Backup realizado: 1000 novos artigos guardados no disco.
2026-04-16 18:27:13 - 💾 Backup realizado: 1000 novos artigos guardados no disco.
2026-04-16 18:27:43 - 💾 Backup realizado: 1000 novos artigos guardados no disco.
2026-04-16 18:28:12 - 💾 Backup realizado: 1000 novos artigos guardados no disco.
2026-04-16 18:28:29 - 💾 Backup realizado: 292 novos artigos guardados no disco.
2026-04-16 18:28:29 - Extraindo de OpenAlex...
2026-04-16 18:29:35 - 💾 Backup realizado: 1000 novos artigos guardados no disco.
2026-04-16 18:30:35 - 💾 Backup realizado: 1000 novos artigos guardados no disco.
2026-04-16 18:31:34 - 💾 Backup realizado: 1000 novos artigos guardados no disco.
2026-04-16 18:32:32 - 💾 Backup realizado: 1000 novos artigos guardados no disco.
2026-04-16 18:33:28 - 💾 Backup realizado: 1000 novos artigos guardados no disco.
2026-04-16 18:34:24 - 💾 Backup realizado: 1000 novos artigos guardados no disco.
2026-04-16 18:35:20 - 💾 Backup realizado: 1000 novos artigos guardados no disco.
2026-04-16 18:36:20 - 💾 Backup realizado: 1000 novos artigos guardados no disco.
2026-04-16 18:37:16 - 💾 Backup realizado: 1000 novos artigos guardados no disco.
2026-04-16 18:38:13 - 💾 Backup realizado: 1000 novos artigos guardados no disco.
2026-04-16 18:39:12 - 💾 Backup realizado: 1000 novos artigos guardados no disco.
2026-04-16 18:40:06 - 💾 Backup realizado: 1000 novos artigos guardados no disco.
2026-04-16 18:41:02 - 💾 Backup realizado: 1000 novos artigos guardados no disco.
2026-04-16 18:41:56 - 💾 Backup realizado: 1000 novos artigos guardados no disco.
2026-04-16 18:42:55 - 💾 Backup realizado: 1000 novos artigos guardados no disco.
2026-04-16 18:43:49 - 💾 Backup realizado: 1000 novos artigos guardados no disco.
2026-04-16 18:44:41 - 💾 Backup realizado: 1000 novos artigos guardados no disco.
2026-04-16 18:45:31 - 💾 Backup realizado: 1000 novos artigos guardados no disco.
2026-04-16 18:46:24 - 💾 Backup realizado: 1000 novos artigos guardados no disco.
2026-04-16 18:47:16 - 💾 Backup realizado: 1000 novos artigos guardados no disco.
2026-04-16 18:48:05 - 💾 Backup realizado: 1000 novos artigos guardados no disco.
2026-04-16 18:48:55 - 💾 Backup realizado: 1000 novos artigos guardados no disco.
2026-04-16 18:49:46 - 💾 Backup realizado: 1000 novos artigos guardados no disco.
2026-04-16 18:50:36 - 💾 Backup realizado: 1000 novos artigos guardados no disco.
2026-04-16 18:51:48 - 💾 Backup realizado: 1000 novos artigos guardados no disco.
2026-04-16 18:52:45 - 💾 Backup realizado: 1000 novos artigos guardados no disco.
2026-04-16 18:53:40 - 💾 Backup realizado: 1000 novos artigos guardados no disco.
2026-04-16 18:54:29 - 💾 Backup realizado: 1000 novos artigos guardados no disco.
2026-04-16 18:55:22 - 💾 Backup realizado: 1000 novos artigos guardados no disco.
2026-04-16 18:56:11 - 💾 Backup realizado: 1000 novos artigos guardados no disco.
2026-04-16 18:57:02 - 💾 Backup realizado: 1000 novos artigos guardados no disco.
2026-04-16 18:57:51 - 💾 Backup realizado: 1000 novos artigos guardados no disco.
2026-04-16 18:58:42 - 💾 Backup realizado: 1000 novos artigos guardados no disco.
2026-04-16 18:59:28 - 💾 Backup realizado: 1000 novos artigos guardados no disco.
2026-04-16 19:00:19 - 💾 Backup realizado: 1000 novos artigos guardados no disco.
2026-04-16 19:01:13 - 💾 Backup realizado: 1000 novos artigos guardados no disco.
2026-04-16 19:02:03 - 💾 Backup realizado: 1000 novos artigos guardados no disco.
2026-04-16 19:02:53 - 💾 Backup realizado: 1000 novos artigos guardados no disco.
2026-04-16 19:03:45 - 💾 Backup realizado: 1000 novos artigos guardados no disco.
2026-04-16 19:04:42 - 💾 Backup realizado: 1000 novos artigos guardados no disco.
2026-04-16 19:05:39 - 💾 Backup realizado: 1000 novos artigos guardados no disco.
2026-04-16 19:06:35 - 💾 Backup realizado: 1000 novos artigos guardados no disco.
2026-04-16 19:07:33 - 💾 Backup realizado: 1000 novos artigos guardados no disco.
2026-04-16 19:08:24 - 💾 Backup realizado: 1000 novos artigos guardados no disco.
2026-04-16 19:09:16 - 💾 Backup realizado: 1000 novos artigos guardados no disco.
2026-04-16 19:10:09 - 💾 Backup realizado: 1000 novos artigos guardados no disco.
2026-04-16 19:11:02 - 💾 Backup realizado: 1000 novos artigos guardados no disco.
2026-04-16 19:11:56 - 💾 Backup realizado: 1000 novos artigos guardados no disco.
2026-04-16 19:12:51 - 💾 Backup realizado: 1000 novos artigos guardados no disco.
2026-04-16 19:13:44 - 💾 Backup realizado: 1000 novos artigos guardados no disco.
2026-04-16 19:14:37 - 💾 Backup realizado: 1000 novos artigos guardados no disco.
2026-04-16 19:15:28 - 💾 Backup realizado: 1000 novos artigos guardados no disco.
2026-04-16 19:16:17 - 💾 Backup realizado: 1000 novos artigos guardados no disco.
2026-04-16 19:17:08 - 💾 Backup realizado: 1000 novos artigos guardados no disco.
2026-04-16 19:17:56 - 💾 Backup realizado: 1000 novos artigos guardados no disco.
2026-04-16 19:18:40 - 💾 Backup realizado: 1000 novos artigos guardados no disco.
2026-04-16 19:19:24 - 💾 Backup realizado: 1000 novos artigos guardados no disco.
2026-04-16 19:20:09 - 💾 Backup realizado: 1000 novos artigos guardados no disco.
2026-04-16 19:20:56 - 💾 Backup realizado: 1000 novos artigos guardados no disco.
2026-04-16 19:22:06 - 💾 Backup realizado: 146 novos artigos guardados no disco.
2026-04-16 19:22:06 - 
Tema atual: Natural Language Processing
2026-04-16 19:22:06 - Extraindo de Crossref...
2026-04-16 19:22:46 - 💾 Backup realizado: 1000 novos artigos guardados no disco.
2026-04-16 19:23:27 - 💾 Backup realizado: 1000 novos artigos guardados no disco.
2026-04-16 19:24:09 - 💾 Backup realizado: 1000 novos artigos guardados no disco.
2026-04-16 19:24:48 - 💾 Backup realizado: 1000 novos artigos guardados no disco.
2026-04-16 19:25:28 - 💾 Backup realizado: 1000 novos artigos guardados no disco.
2026-04-16 19:26:12 - 💾 Backup realizado: 1000 novos artigos guardados no disco.
2026-04-16 19:26:51 - 💾 Backup realizado: 1000 novos artigos guardados no disco.
2026-04-16 19:27:38 - 💾 Backup realizado: 1000 novos artigos guardados no disco.
2026-04-16 19:28:17 - 💾 Backup realizado: 1000 novos artigos guardados no disco.
2026-04-16 19:28:57 - 💾 Backup realizado: 1000 novos artigos guardados no disco.
2026-04-16 19:29:38 - 💾 Backup realizado: 1000 novos artigos guardados no disco.
2026-04-16 19:30:18 - 💾 Backup realizado: 1000 novos artigos guardados no disco.
2026-04-16 19:30:55 - 💾 Backup realizado: 1000 novos artigos guardados no disco.
2026-04-16 19:31:34 - 💾 Backup realizado: 1000 novos artigos guardados no disco.
2026-04-16 19:32:10 - 💾 Backup realizado: 1000 novos artigos guardados no disco.
2026-04-16 19:32:46 - 💾 Backup realizado: 1000 novos artigos guardados no disco.
2026-04-16 19:33:32 - 💾 Backup realizado: 1000 novos artigos guardados no disco.
2026-04-16 19:34:11 - 💾 Backup realizado: 1000 novos artigos guardados no disco.
2026-04-16 19:34:51 - 💾 Backup realizado: 1000 novos artigos guardados no disco.
2026-04-16 19:35:36 - 💾 Backup realizado: 1000 novos artigos guardados no disco.
2026-04-16 19:36:13 - 💾 Backup realizado: 1000 novos artigos guardados no disco.
2026-04-16 19:36:52 - 💾 Backup realizado: 1000 novos artigos guardados no disco.
2026-04-16 19:37:31 - 💾 Backup realizado: 1000 novos artigos guardados no disco.
2026-04-16 19:38:19 - 💾 Backup realizado: 1000 novos artigos guardados no disco.
2026-04-16 19:39:07 - 💾 Backup realizado: 1000 novos artigos guardados no disco.
2026-04-16 19:39:55 - 💾 Backup realizado: 1000 novos artigos guardados no disco.
2026-04-16 19:40:42 - 💾 Backup realizado: 1000 novos artigos guardados no disco.
2026-04-16 19:41:26 - 💾 Backup realizado: 1000 novos artigos guardados no disco.
2026-04-16 19:42:10 - 💾 Backup realizado: 1000 novos artigos guardados no disco.
2026-04-16 19:42:51 - 💾 Backup realizado: 1000 novos artigos guardados no disco.
2026-04-16 19:43:22 - 💾 Backup realizado: 1000 novos artigos guardados no disco.
2026-04-16 19:43:58 - 💾 Backup realizado: 1000 novos artigos guardados no disco.
2026-04-16 19:44:39 - 💾 Backup realizado: 1000 novos artigos guardados no disco.
2026-04-16 19:45:17 - 💾 Backup realizado: 1000 novos artigos guardados no disco.
2026-04-16 19:45:59 - 💾 Backup realizado: 1000 novos artigos guardados no disco.
2026-04-16 19:46:37 - 💾 Backup realizado: 1000 novos artigos guardados no disco.
2026-04-16 19:47:16 - 💾 Backup realizado: 1000 novos artigos guardados no disco.
2026-04-16 19:47:53 - 💾 Backup realizado: 1000 novos artigos guardados no disco.
2026-04-16 19:48:37 - 💾 Backup realizado: 1000 novos artigos guardados no disco.
2026-04-16 19:49:18 - 💾 Backup realizado: 1000 novos artigos guardados no disco.
2026-04-16 19:49:58 - 💾 Backup realizado: 1000 novos artigos guardados no disco.
2026-04-16 19:50:42 - 💾 Backup realizado: 1000 novos artigos guardados no disco.
2026-04-16 19:51:24 - 💾 Backup realizado: 1000 novos artigos guardados no disco.
2026-04-16 19:52:05 - 💾 Backup realizado: 1000 novos artigos guardados no disco.
2026-04-16 19:52:50 - 💾 Backup realizado: 1000 novos artigos guardados no disco.
2026-04-16 19:53:29 - 💾 Backup realizado: 1000 novos artigos guardados no disco.
2026-04-16 19:54:06 - 💾 Backup realizado: 1000 novos artigos guardados no disco.
2026-04-16 19:54:45 - 💾 Backup realizado: 1000 novos artigos guardados no disco.
2026-04-16 19:55:25 - 💾 Backup realizado: 1000 novos artigos guardados no disco.
2026-04-16 19:56:02 - 💾 Backup realizado: 1000 novos artigos guardados no disco.
2026-04-16 19:56:43 - 💾 Backup realizado: 1000 novos artigos guardados no disco.
2026-04-16 19:57:20 - 💾 Backup realizado: 1000 novos artigos guardados no disco.
2026-04-16 19:58:00 - 💾 Backup realizado: 1000 novos artigos guardados no disco.
2026-04-16 19:58:37 - 💾 Backup realizado: 1000 novos artigos guardados no disco.
2026-04-16 19:59:18 - 💾 Backup realizado: 1000 novos artigos guardados no disco.
2026-04-16 19:59:55 - 💾 Backup realizado: 1000 novos artigos guardados no disco.
2026-04-16 20:00:35 - 💾 Backup realizado: 1000 novos artigos guardados no disco.
2026-04-16 20:01:15 - 💾 Backup realizado: 1000 novos artigos guardados no disco.
2026-04-16 20:01:54 - 💾 Backup realizado: 1000 novos artigos guardados no disco.
2026-04-16 20:02:37 - 💾 Backup realizado: 1000 novos artigos guardados no disco.
2026-04-16 20:03:15 - 💾 Backup realizado: 1000 novos artigos guardados no disco.
2026-04-16 20:03:53 - 💾 Backup realizado: 1000 novos artigos guardados no disco.
2026-04-16 20:04:34 - 💾 Backup realizado: 1000 novos artigos guardados no disco.
2026-04-16 20:05:13 - 💾 Backup realizado: 1000 novos artigos guardados no disco.
2026-04-16 20:05:55 - 💾 Backup realizado: 1000 novos artigos guardados no disco.
2026-04-16 20:06:35 - 💾 Backup realizado: 1000 novos artigos guardados no disco.
2026-04-16 20:07:17 - 💾 Backup realizado: 1000 novos artigos guardados no disco.
2026-04-16 20:08:01 - 💾 Backup realizado: 1000 novos artigos guardados no disco.
2026-04-16 20:08:42 - 💾 Backup realizado: 1000 novos artigos guardados no disco.
2026-04-16 20:09:22 - 💾 Backup realizado: 1000 novos artigos guardados no disco.
2026-04-16 20:10:00 - 💾 Backup realizado: 1000 novos artigos guardados no disco.
2026-04-16 20:10:37 - 💾 Backup realizado: 1000 novos artigos guardados no disco.
2026-04-16 20:11:22 - 💾 Backup realizado: 1000 novos artigos guardados no disco.
2026-04-16 20:12:06 - 💾 Backup realizado: 1000 novos artigos guardados no disco.
2026-04-16 20:12:44 - 💾 Backup realizado: 1000 novos artigos guardados no disco.
2026-04-16 20:13:20 - 💾 Backup realizado: 1000 novos artigos guardados no disco.
2026-04-16 20:13:58 - 💾 Backup realizado: 1000 novos artigos guardados no disco.
2026-04-16 20:14:34 - 💾 Backup realizado: 1000 novos artigos guardados no disco.
2026-04-16 20:15:13 - 💾 Backup realizado: 1000 novos artigos guardados no disco.
2026-04-16 20:15:54 - 💾 Backup realizado: 1000 novos artigos guardados no disco.
2026-04-16 20:16:36 - 💾 Backup realizado: 1000 novos artigos guardados no disco.
2026-04-16 20:17:17 - 💾 Backup realizado: 1000 novos artigos guardados no disco.
2026-04-16 20:17:59 - 💾 Backup realizado: 1000 novos artigos guardados no disco.
2026-04-16 20:18:41 - 💾 Backup realizado: 1000 novos artigos guardados no disco.
2026-04-16 20:19:28 - 💾 Backup realizado: 1000 novos artigos guardados no disco.
2026-04-16 20:20:11 - 💾 Backup realizado: 1000 novos artigos guardados no disco.
2026-04-16 20:20:53 - 💾 Backup realizado: 1000 novos artigos guardados no disco.
2026-04-16 20:21:52 - 💾 Backup realizado: 1000 novos artigos guardados no disco.
2026-04-16 20:22:41 - 💾 Backup realizado: 1000 novos artigos guardados no disco.
2026-04-16 20:23:30 - 💾 Backup realizado: 1000 novos artigos guardados no disco.
2026-04-16 20:24:14 - 💾 Backup realizado: 1000 novos artigos guardados no disco.
2026-04-16 20:25:00 - 💾 Backup realizado: 1000 novos artigos guardados no disco.
2026-04-16 20:26:01 - 💾 Backup realizado: 1000 novos artigos guardados no disco.
2026-04-16 20:26:53 - 💾 Backup realizado: 1000 novos artigos guardados no disco.
2026-04-16 20:27:47 - 💾 Backup realizado: 1000 novos artigos guardados no disco.
2026-04-16 20:28:31 - 💾 Backup realizado: 1000 novos artigos guardados no disco.
2026-04-16 20:29:12 - 💾 Backup realizado: 1000 novos artigos guardados no disco.
2026-04-16 20:29:55 - 💾 Backup realizado: 1000 novos artigos guardados no disco.
2026-04-16 20:30:38 - 💾 Backup realizado: 1000 novos artigos guardados no disco.
2026-04-16 20:31:17 - 💾 Backup realizado: 1000 novos artigos guardados no disco.
2026-04-16 20:31:58 - 💾 Backup realizado: 1000 novos artigos guardados no disco.
2026-04-16 20:32:44 - 💾 Backup realizado: 1000 novos artigos guardados no disco.
2026-04-16 20:33:24 - 💾 Backup realizado: 1000 novos artigos guardados no disco.
2026-04-16 20:34:04 - 💾 Backup realizado: 1000 novos artigos guardados no disco.
2026-04-16 20:34:48 - 💾 Backup realizado: 1000 novos artigos guardados no disco.
2026-04-16 20:35:31 - 💾 Backup realizado: 1000 novos artigos guardados no disco.
2026-04-16 20:36:09 - 💾 Backup realizado: 1000 novos artigos guardados no disco.
2026-04-16 20:36:46 - 💾 Backup realizado: 1000 novos artigos guardados no disco.
2026-04-16 20:37:33 - 💾 Backup realizado: 1000 novos artigos guardados no disco.
2026-04-16 20:38:12 - 💾 Backup realizado: 1000 novos artigos guardados no disco.
2026-04-16 20:38:52 - 💾 Backup realizado: 1000 novos artigos guardados no disco.
2026-04-16 20:39:36 - 💾 Backup realizado: 1000 novos artigos guardados no disco.
2026-04-16 20:40:23 - 💾 Backup realizado: 1000 novos artigos guardados no disco.
2026-04-16 20:41:09 - 💾 Backup realizado: 1000 novos artigos guardados no disco.
2026-04-16 20:41:52 - 💾 Backup realizado: 1000 novos artigos guardados no disco.
2026-04-16 20:42:40 - 💾 Backup realizado: 1000 novos artigos guardados no disco.
2026-04-16 20:43:15 - 💾 Backup realizado: 1000 novos artigos guardados no disco.
2026-04-16 20:43:50 - 💾 Backup realizado: 1000 novos artigos guardados no disco.
2026-04-16 20:44:30 - 💾 Backup realizado: 1000 novos artigos guardados no disco.
2026-04-16 20:45:07 - 💾 Backup realizado: 1000 novos artigos guardados no disco.
2026-04-16 20:45:49 - 💾 Backup realizado: 1000 novos artigos guardados no disco.
2026-04-16 20:46:24 - 💾 Backup realizado: 1000 novos artigos guardados no disco.
2026-04-16 20:46:58 - 💾 Backup realizado: 1000 novos artigos guardados no disco.
2026-04-16 20:47:34 - 💾 Backup realizado: 1000 novos artigos guardados no disco.
2026-04-16 20:48:12 - 💾 Backup realizado: 1000 novos artigos guardados no disco.
2026-04-16 20:48:47 - 💾 Backup realizado: 1000 novos artigos guardados no disco.
2026-04-16 20:49:26 - 💾 Backup realizado: 1000 novos artigos guardados no disco.
2026-04-16 20:49:58 - Iniciando processamento
2026-04-16 20:50:06 - Base local carregada: 581438 artigos detetados.
2026-04-16 20:50:06 - 
Tema atual: Information Retrieval
2026-04-16 20:50:06 - Extraindo de Crossref...
2026-04-16 20:50:47 - 💾 Backup realizado: 1000 novos artigos guardados no disco.
2026-04-16 20:51:28 - 💾 Backup realizado: 1000 novos artigos guardados no disco.
2026-04-16 20:52:08 - 💾 Backup realizado: 1000 novos artigos guardados no disco.
2026-04-16 20:52:52 - 💾 Backup realizado: 1000 novos artigos guardados no disco.
2026-04-16 20:53:35 - 💾 Backup realizado: 1000 novos artigos guardados no disco.
2026-04-16 20:54:14 - 💾 Backup realizado: 1000 novos artigos guardados no disco.
2026-04-16 20:54:54 - 💾 Backup realizado: 1000 novos artigos guardados no disco.
2026-04-16 20:55:44 - 💾 Backup realizado: 1000 novos artigos guardados no disco.
2026-04-16 20:56:29 - 💾 Backup realizado: 1000 novos artigos guardados no disco.
2026-04-16 20:57:08 - 💾 Backup realizado: 1000 novos artigos guardados no disco.
2026-04-16 20:57:44 - 💾 Backup realizado: 1000 novos artigos guardados no disco.
2026-04-16 20:58:25 - 💾 Backup realizado: 1000 novos artigos guardados no disco.
2026-04-16 20:59:03 - 💾 Backup realizado: 1000 novos artigos guardados no disco.
2026-04-16 20:59:46 - 💾 Backup realizado: 1000 novos artigos guardados no disco.
2026-04-16 21:00:27 - 💾 Backup realizado: 1000 novos artigos guardados no disco.
2026-04-16 21:01:07 - 💾 Backup realizado: 1000 novos artigos guardados no disco.
2026-04-16 21:01:44 - 💾 Backup realizado: 1000 novos artigos guardados no disco.
2026-04-16 21:02:26 - 💾 Backup realizado: 1000 novos artigos guardados no disco.
2026-04-16 21:03:17 - 💾 Backup realizado: 1000 novos artigos guardados no disco.
2026-04-16 21:04:00 - 💾 Backup realizado: 1000 novos artigos guardados no disco.
2026-04-16 21:04:42 - 💾 Backup realizado: 1000 novos artigos guardados no disco.
2026-04-16 21:05:23 - 💾 Backup realizado: 1000 novos artigos guardados no disco.
2026-04-16 21:06:04 - 💾 Backup realizado: 1000 novos artigos guardados no disco.
2026-04-16 21:13:57 - 💾 Backup realizado: 1000 novos artigos guardados no disco.
2026-04-16 21:29:46 - 💾 Backup realizado: 1000 novos artigos guardados no disco.
2026-04-16 21:38:33 - 💾 Backup realizado: 1000 novos artigos guardados no disco.
2026-04-16 21:39:14 - 💾 Backup realizado: 1000 novos artigos guardados no disco.
2026-04-16 21:39:59 - 💾 Backup realizado: 1000 novos artigos guardados no disco.
2026-04-16 21:40:42 - 💾 Backup realizado: 1000 novos artigos guardados no disco.
2026-04-16 21:41:25 - 💾 Backup realizado: 1000 novos artigos guardados no disco.
2026-04-16 21:42:21 - 💾 Backup realizado: 1000 novos artigos guardados no disco.
2026-04-16 21:43:32 - 💾 Backup realizado: 1000 novos artigos guardados no disco.
2026-04-16 21:44:51 - 💾 Backup realizado: 1000 novos artigos guardados no disco.
2026-04-16 21:47:05 - 💾 Backup realizado: 1000 novos artigos guardados no disco.
2026-04-16 21:49:12 - 💾 Backup realizado: 1000 novos artigos guardados no disco.
2026-04-16 21:51:06 - 💾 Backup realizado: 1000 novos artigos guardados no disco.
2026-04-16 21:53:09 - 💾 Backup realizado: 1000 novos artigos guardados no disco.
2026-04-16 21:56:39 - 💾 Backup realizado: 1000 novos artigos guardados no disco.
2026-04-16 21:59:40 - 💾 Backup realizado: 1000 novos artigos guardados no disco.
2026-04-16 22:00:23 - 💾 Backup realizado: 1000 novos artigos guardados no disco.
2026-04-16 22:01:04 - 💾 Backup realizado: 1000 novos artigos guardados no disco.
2026-04-16 22:01:44 - 💾 Backup realizado: 1000 novos artigos guardados no disco.
2026-04-16 22:02:24 - 💾 Backup realizado: 1000 novos artigos guardados no disco.
2026-04-16 22:03:05 - 💾 Backup realizado: 1000 novos artigos guardados no disco.
2026-04-16 22:03:54 - 💾 Backup realizado: 1000 novos artigos guardados no disco.
2026-04-16 22:05:00 - 💾 Backup realizado: 1000 novos artigos guardados no disco.
2026-04-16 22:06:06 - 💾 Backup realizado: 1000 novos artigos guardados no disco.
2026-04-16 22:07:03 - 💾 Backup realizado: 1000 novos artigos guardados no disco.
2026-04-16 22:08:14 - 💾 Backup realizado: 1000 novos artigos guardados no disco.
2026-04-16 22:09:24 - 💾 Backup realizado: 1000 novos artigos guardados no disco.
2026-04-16 22:10:15 - 💾 Backup realizado: 1000 novos artigos guardados no disco.
2026-04-16 22:10:54 - 💾 Backup realizado: 1000 novos artigos guardados no disco.
2026-04-16 22:11:33 - 💾 Backup realizado: 1000 novos artigos guardados no disco.
2026-04-16 22:12:10 - 💾 Backup realizado: 1000 novos artigos guardados no disco.
2026-04-16 22:12:47 - 💾 Backup realizado: 1000 novos artigos guardados no disco.
2026-04-16 22:13:21 - 💾 Backup realizado: 1000 novos artigos guardados no disco.
2026-04-16 22:14:01 - 💾 Backup realizado: 1000 novos artigos guardados no disco.
2026-04-16 22:14:46 - 💾 Backup realizado: 1000 novos artigos guardados no disco.
2026-04-16 22:15:31 - 💾 Backup realizado: 1000 novos artigos guardados no disco.
2026-04-16 22:16:17 - 💾 Backup realizado: 1000 novos artigos guardados no disco.
2026-04-16 22:17:02 - 💾 Backup realizado: 1000 novos artigos guardados no disco.
2026-04-16 22:17:46 - 💾 Backup realizado: 1000 novos artigos guardados no disco.
2026-04-16 22:18:32 - 💾 Backup realizado: 1000 novos artigos guardados no disco.
2026-04-16 22:19:15 - 💾 Backup realizado: 1000 novos artigos guardados no disco.
2026-04-16 22:19:54 - 💾 Backup realizado: 1000 novos artigos guardados no disco.
2026-04-16 22:20:39 - 💾 Backup realizado: 1000 novos artigos guardados no disco.
2026-04-16 22:21:28 - 💾 Backup realizado: 1000 novos artigos guardados no disco.
2026-04-16 22:22:13 - 💾 Backup realizado: 1000 novos artigos guardados no disco.
2026-04-16 22:23:00 - 💾 Backup realizado: 1000 novos artigos guardados no disco.
2026-04-16 22:23:49 - 💾 Backup realizado: 1000 novos artigos guardados no disco.
2026-04-16 22:24:33 - 💾 Backup realizado: 1000 novos artigos guardados no disco.
2026-04-16 22:25:14 - 💾 Backup realizado: 1000 novos artigos guardados no disco.
2026-04-16 22:25:54 - 💾 Backup realizado: 1000 novos artigos guardados no disco.
2026-04-16 22:26:31 - 💾 Backup realizado: 1000 novos artigos guardados no disco.
2026-04-16 22:27:10 - 💾 Backup realizado: 1000 novos artigos guardados no disco.
2026-04-16 22:27:49 - 💾 Backup realizado: 1000 novos artigos guardados no disco.
2026-04-16 22:28:30 - 💾 Backup realizado: 1000 novos artigos guardados no disco.
2026-04-16 22:29:12 - 💾 Backup realizado: 1000 novos artigos guardados no disco.
2026-04-16 22:29:55 - 💾 Backup realizado: 1000 novos artigos guardados no disco.
2026-04-16 22:30:37 - 💾 Backup realizado: 1000 novos artigos guardados no disco.
2026-04-16 22:31:18 - 💾 Backup realizado: 1000 novos artigos guardados no disco.
2026-04-16 22:31:59 - 💾 Backup realizado: 1000 novos artigos guardados no disco.
2026-04-16 22:32:42 - 💾 Backup realizado: 1000 novos artigos guardados no disco.
2026-04-16 22:33:23 - 💾 Backup realizado: 1000 novos artigos guardados no disco.
2026-04-16 22:34:02 - 💾 Backup realizado: 1000 novos artigos guardados no disco.
2026-04-16 22:34:45 - 💾 Backup realizado: 1000 novos artigos guardados no disco.
2026-04-16 22:35:28 - 💾 Backup realizado: 1000 novos artigos guardados no disco.
2026-04-16 22:36:09 - 💾 Backup realizado: 1000 novos artigos guardados no disco.
2026-04-16 22:37:02 - 💾 Backup realizado: 1000 novos artigos guardados no disco.
2026-04-16 22:37:47 - 💾 Backup realizado: 1000 novos artigos guardados no disco.
2026-04-16 22:38:30 - 💾 Backup realizado: 1000 novos artigos guardados no disco.
2026-04-16 22:39:14 - 💾 Backup realizado: 1000 novos artigos guardados no disco.
2026-04-16 22:39:53 - 💾 Backup realizado: 1000 novos artigos guardados no disco.
2026-04-16 22:40:36 - 💾 Backup realizado: 1000 novos artigos guardados no disco.
2026-04-16 22:41:20 - 💾 Backup realizado: 1000 novos artigos guardados no disco.
2026-04-16 22:42:04 - 💾 Backup realizado: 1000 novos artigos guardados no disco.
2026-04-16 22:42:50 - 💾 Backup realizado: 1000 novos artigos guardados no disco.
2026-04-16 22:43:37 - 💾 Backup realizado: 1000 novos artigos guardados no disco.
2026-04-16 22:44:19 - 💾 Backup realizado: 1000 novos artigos guardados no disco.
2026-04-16 22:45:02 - 💾 Backup realizado: 1000 novos artigos guardados no disco.
2026-04-16 22:45:45 - 💾 Backup realizado: 1000 novos artigos guardados no disco.
2026-04-16 22:46:29 - 💾 Backup realizado: 1000 novos artigos guardados no disco.
2026-04-16 22:47:11 - Iniciando processamento
2026-04-16 22:47:20 - Base local carregada: 683438 artigos detetados.
2026-04-16 22:47:20 - 
Tema atual: Artificial Intelligence
2026-04-16 22:47:20 - Extraindo de OpenAlex...
2026-04-16 22:48:06 - 
Tema atual: Natural Language Processing
2026-04-16 22:48:06 - Extraindo de OpenAlex...
2026-04-16 22:48:52 - 
Tema atual: Information Retrieval
2026-04-16 22:48:52 - Extraindo de OpenAlex...
2026-04-16 22:49:38 - 
Processo concluído com sucesso.
2026-04-16 23:24:21 - ### INICIANDO EXTRAÇÃO DE 10k POR TEMA ###
2026-04-16 23:24:39 - Base local: 683438 artigos detetados.
2026-04-16 23:24:39 - 
--- PROCESSANDO: Artificial Intelligence ---
2026-04-16 23:29:40 - 
--- PROCESSANDO: Natural Language Processing ---
2026-04-16 23:34:42 - 
--- PROCESSANDO: Information Retrieval ---
2026-04-16 23:39:44 - ### PIPELINE FINALIZADO ###
2026-04-17 00:10:00 - ### INICIANDO EXTRAÇÃO DE 10k POR TEMA ###
2026-04-17 00:10:13 - Base local: 683438 artigos detetados.
2026-04-17 00:10:13 - 
--- PROCESSANDO: Artificial Intelligence ---
2026-04-17 00:10:16 - 
--- PROCESSANDO: Natural Language Processing ---
2026-04-17 00:10:18 - 
--- PROCESSANDO: Information Retrieval ---
2026-04-17 00:10:20 - ### PIPELINE FINALIZADO ###
2026-04-17 00:53:27 - ### INICIANDO EXTRAÇÃO DE 10k POR TEMA ###
2026-04-17 00:53:38 - Base local: 683438 artigos detetados.
2026-04-17 00:53:38 - 
--- PROCESSANDO: Artificial Intelligence ---
2026-04-17 00:53:44 - 
--- PROCESSANDO: Natural Language Processing ---
2026-04-17 00:53:49 - 
--- PROCESSANDO: Information Retrieval ---
2026-04-17 00:53:55 - ### PIPELINE FINALIZADO ###
